Using pre-set license
Built from '2020.3/release' branch; Version is '2020.3.7f1 (dd97f2c94397) revision 14522354'; Using compiler version '192528614'; Build Type 'Release'
OS: 'Windows 10 Pro; OS build 19042.1348; Version 2009; 64bit' Language: 'pt' Physical Memory: 16291 MB
BatchMode: 1, IsHumanControllingUs: 0, StartBugReporterOnCrash: 0, Is64bit: 1, IsPro: 0

 COMMAND LINE ARGUMENTS:
C:\Program Files\Unity\Hub\Editor\2020.3.7f1\Editor\Unity.exe
-adb2
-batchMode
-noUpm
-name
AssetImportWorker0
-projectPath
C:/Users/filip/Documents/GitHub/CatsSlime-/CatsSlime
-logFile
Logs/AssetImportWorker0.log
-srvPort
59991
Successfully changed project path to: C:/Users/filip/Documents/GitHub/CatsSlime-/CatsSlime
C:/Users/filip/Documents/GitHub/CatsSlime-/CatsSlime
Using Asset Import Pipeline V2.
Refreshing native plugins compatible for Editor in 36.31 ms, found 0 plugins.
Preloading 0 native plugins for Editor in 0.00 ms.
Initialize engine version: 2020.3.7f1 (dd97f2c94397)
[Subsystems] Discovering subsystems at path C:/Program Files/Unity/Hub/Editor/2020.3.7f1/Editor/Data/Resources/UnitySubsystems
[Subsystems] Discovering subsystems at path C:/Users/filip/Documents/GitHub/CatsSlime-/CatsSlime/Assets
GfxDevice: creating device client; threaded=0
Direct3D:
    Version:  Direct3D 11.0 [level 11.1]
    Renderer: Radeon RX 560 Series (ID=0x67ef)
    Vendor:   
    VRAM:     4075 MB
    Driver:   30.0.13033.1000
Initialize mono
Mono path[0] = 'C:/Program Files/Unity/Hub/Editor/2020.3.7f1/Editor/Data/Managed'
Mono path[1] = 'C:/Program Files/Unity/Hub/Editor/2020.3.7f1/Editor/Data/MonoBleedingEdge/lib/mono/unityjit'
Mono config path = 'C:/Program Files/Unity/Hub/Editor/2020.3.7f1/Editor/Data/MonoBleedingEdge/etc'
Using monoOptions --debugger-agent=transport=dt_socket,embedding=1,server=y,suspend=n,address=127.0.0.1:56644
Begin MonoManager ReloadAssembly
Registering precompiled unity dll's ...
Register platform support module: C:/Program Files/Unity/Hub/Editor/2020.3.7f1/Editor/Data/PlaybackEngines/WebGLSupport/UnityEditor.WebGL.Extensions.dll
Register platform support module: C:/Program Files/Unity/Hub/Editor/2020.3.7f1/Editor/Data/PlaybackEngines/WindowsStandaloneSupport/UnityEditor.WindowsStandalone.Extensions.dll
Registered in 0.001808 seconds.
Native extension for WindowsStandalone target not found
Native extension for WebGL target not found
Refreshing native plugins compatible for Editor in 29.33 ms, found 0 plugins.
Preloading 0 native plugins for Editor in 0.00 ms.
Mono: successfully reloaded assembly
- Completed reload, in  0.914 seconds
Platform modules already initialized, skipping
Registering precompiled user dll's ...
Registered in 0.001904 seconds.
Begin MonoManager ReloadAssembly
Native extension for WindowsStandalone target not found
Native extension for WebGL target not found
Refreshing native plugins compatible for Editor in 0.52 ms, found 0 plugins.
Preloading 0 native plugins for Editor in 0.00 ms.
Mono: successfully reloaded assembly
- Completed reload, in  0.682 seconds
Platform modules already initialized, skipping
========================================================================
Worker process is ready to serve import requests
Launched and connected shader compiler UnityShaderCompiler.exe after 0.04 seconds
Refreshing native plugins compatible for Editor in 0.49 ms, found 0 plugins.
Preloading 0 native plugins for Editor in 0.00 ms.
Unloading 1673 Unused Serialized files (Serialized files now loaded: 0)
System memory in use before: 72.5 MB.
System memory in use after: 72.6 MB.

Unloading 49 unused Assets to reduce memory usage. Loaded Objects now: 2087.
Total: 4.313600 ms (FindLiveObjects: 0.172600 ms CreateObjectMapping: 0.073800 ms MarkObjects: 4.012800 ms  DeleteObjects: 0.053600 ms)

========================================================================
Received Import Request.
  path: Assets/Cena/Cena4.unity
  artifactKey: Guid(34ac2d363ef8a1748a62a626368de0a4) Importer(815301076,1909f56bfc062723c751e8b465ee728b)
Start importing Assets/Cena/Cena4.unity using Guid(34ac2d363ef8a1748a62a626368de0a4) Importer(815301076,1909f56bfc062723c751e8b465ee728b)  -> (artifact id: 'f3d33b1b32374f174e3d24af2d1ecde3') in 0.013572 seconds
  Import took 0.015906 seconds .

========================================================================
Received Import Request.
  Time since last request: 0.000145 seconds.
  path: Assets/Cena/Controles.unity
  artifactKey: Guid(6c173588563afd44d9dc0c049a33e5d7) Importer(815301076,1909f56bfc062723c751e8b465ee728b)
Start importing Assets/Cena/Controles.unity using Guid(6c173588563afd44d9dc0c049a33e5d7) Importer(815301076,1909f56bfc062723c751e8b465ee728b)  -> (artifact id: 'dfdff08ed3aa403d8e788956242a6b56') in 0.005850 seconds
  Import took 0.007972 seconds .

========================================================================
Received Prepare
Registering precompiled user dll's ...
Registered in 0.001459 seconds.
Begin MonoManager ReloadAssembly
Native extension for WindowsStandalone target not found
Native extension for WebGL target not found
Refreshing native plugins compatible for Editor in 0.92 ms, found 0 plugins.
Preloading 0 native plugins for Editor in 0.00 ms.
Mono: successfully reloaded assembly
- Completed reload, in  0.641 seconds
Platform modules already initialized, skipping
Refreshing native plugins compatible for Editor in 0.51 ms, found 0 plugins.
Preloading 0 native plugins for Editor in 0.00 ms.
Unloading 1667 Unused Serialized files (Serialized files now loaded: 0)
System memory in use before: 72.4 MB.
System memory in use after: 72.5 MB.

Unloading 40 unused Assets to reduce memory usage. Loaded Objects now: 2090.
Total: 4.318100 ms (FindLiveObjects: 0.257700 ms CreateObjectMapping: 0.094200 ms MarkObjects: 3.944900 ms  DeleteObjects: 0.019900 ms)

========================================================================
Received Prepare
Registering precompiled user dll's ...
Registered in 0.001512 seconds.
Begin MonoManager ReloadAssembly
Native extension for WindowsStandalone target not found
Native extension for WebGL target not found
Refreshing native plugins compatible for Editor in 0.45 ms, found 0 plugins.
Preloading 0 native plugins for Editor in 0.00 ms.
Mono: successfully reloaded assembly
- Completed reload, in  0.603 seconds
Platform modules already initialized, skipping
Refreshing native plugins compatible for Editor in 0.55 ms, found 0 plugins.
Preloading 0 native plugins for Editor in 0.00 ms.
Unloading 1667 Unused Serialized files (Serialized files now loaded: 0)
System memory in use before: 72.4 MB.
System memory in use after: 72.6 MB.

Unloading 40 unused Assets to reduce memory usage. Loaded Objects now: 2093.
Total: 4.785800 ms (FindLiveObjects: 0.358400 ms CreateObjectMapping: 0.098100 ms MarkObjects: 4.306800 ms  DeleteObjects: 0.021000 ms)

========================================================================
Received Prepare
Registering precompiled user dll's ...
Registered in 0.001974 seconds.
Begin MonoManager ReloadAssembly
Native extension for WindowsStandalone target not found
Native extension for WebGL target not found
Refreshing native plugins compatible for Editor in 0.51 ms, found 0 plugins.
Preloading 0 native plugins for Editor in 0.00 ms.
Mono: successfully reloaded assembly
- Completed reload, in  0.627 seconds
Platform modules already initialized, skipping
Refreshing native plugins compatible for Editor in 0.46 ms, found 0 plugins.
Preloading 0 native plugins for Editor in 0.00 ms.
Unloading 1667 Unused Serialized files (Serialized files now loaded: 0)
System memory in use before: 72.5 MB.
System memory in use after: 72.6 MB.

Unloading 40 unused Assets to reduce memory usage. Loaded Objects now: 2096.
Total: 4.213500 ms (FindLiveObjects: 0.173400 ms CreateObjectMapping: 0.046400 ms MarkObjects: 3.975900 ms  DeleteObjects: 0.017200 ms)

========================================================================
Received Prepare
Registering precompiled user dll's ...
Registered in 0.001499 seconds.
Begin MonoManager ReloadAssembly
Native extension for WindowsStandalone target not found
Native extension for WebGL target not found
Refreshing native plugins compatible for Editor in 0.57 ms, found 0 plugins.
Preloading 0 native plugins for Editor in 0.00 ms.
Mono: successfully reloaded assembly
- Completed reload, in  0.606 seconds
Platform modules already initialized, skipping
Refreshing native plugins compatible for Editor in 0.52 ms, found 0 plugins.
Preloading 0 native plugins for Editor in 0.00 ms.
Unloading 1667 Unused Serialized files (Serialized files now loaded: 0)
System memory in use before: 72.5 MB.
System memory in use after: 72.6 MB.

Unloading 40 unused Assets to reduce memory usage. Loaded Objects now: 2099.
Total: 4.185900 ms (FindLiveObjects: 0.169700 ms CreateObjectMapping: 0.057100 ms MarkObjects: 3.940400 ms  DeleteObjects: 0.017700 ms)

========================================================================
Received Prepare
Registering precompiled user dll's ...
Registered in 0.001501 seconds.
Begin MonoManager ReloadAssembly
Native extension for WindowsStandalone target not found
Native extension for WebGL target not found
Refreshing native plugins compatible for Editor in 0.51 ms, found 0 plugins.
Preloading 0 native plugins for Editor in 0.00 ms.
Mono: successfully reloaded assembly
- Completed reload, in  0.608 seconds
Platform modules already initialized, skipping
Refreshing native plugins compatible for Editor in 0.42 ms, found 0 plugins.
Preloading 0 native plugins for Editor in 0.00 ms.
Unloading 1667 Unused Serialized files (Serialized files now loaded: 0)
System memory in use before: 72.5 MB.
System memory in use after: 72.6 MB.

Unloading 40 unused Assets to reduce memory usage. Loaded Objects now: 2102.
Total: 4.207000 ms (FindLiveObjects: 0.178300 ms CreateObjectMapping: 0.061800 ms MarkObjects: 3.948100 ms  DeleteObjects: 0.017900 ms)

AssetImportWorkerClient::OnTransportError - code=2 error=End of file
